GPUs play an important role in 3D technology, and the graphics on these cards are the major factor that influence the gameplay. In this article, I will compare two graphics cards that are not as good as the one we have mentioned earlier.

XFX Radeon HD 6870 2GB:

AMD Radeon HD 6870 Specifications

Radeon (Proprietary) graphics processors include the ATI and NVIDIA GeForce brand graphics processors. XFX is a leading brand in the 2GB Radeon HD 6870, and it is equipped with a dual core
GPU Elapsed time: for facebook/opt-1.3b is  10.429374065017328
GPUs play an important role in virtualization. A GPU is a fast, low-cost processing chip whose main function is to accelerate some operations in the VM when running on the CPU core. Although processors can accelerate some operations on GPUs, CPUs also have several important advantages over GPUs, such as more memory bandwidth, better interconnects, and more power.

If the computer lacks the power or memory to run a full-sized VM, VMware recommends that it use the Intel® Virtual Machine Engine (VME). This feature enables a VM powered by
CPU Elapsed time: for facebook/opt-1.3b is  40.055826929048635
speedup for: token = 100, model = facebook/opt-1.3b, speedup = 3.8406741075100257
GPUs play an important role in most home setups because they're the only way to run 4K content. That doesn't mean that you should expect a perfect graphical experience anytime soon however, thanks to the fact all GPUs aren't created equally and there are some major pitfalls. If you want to be able to run a 4K screen on a gaming display, you should start by finding the best graphics card that's suitable for your needs. Not only will you improve the performance that your gaming performance is going to deliver, but you'll also be able to experience far greater frames as a whole thanks to the extra power that your graphics card has to work with.

If you're looking at buying a graphics card for gaming or even video editing work, this is where our guides on the best graphics cards come into play. We'll also cover the best graphics cards for mining, so you should be able to find a perfect match depending on your desired use case and goals. However, before moving onto finding the cards to choose, we'll take a look at
GPU Elapsed time: for facebook/opt-1.3b is  10.761237203958444
GPUs play an important role in the gaming market. They determine the amount of CPU and RAM that a gaming PC must have in order to run full-speed. Additionally, GPUs can serve as a CPU's main competition, often providing a performance boost in comparison. This is why gaming GPUs also have special features to help gamers achieve better framerates in competitive multiplayer gaming. For example, certain gaming GPUs can improve latency in games due to extra resources used for rendering. It's not uncommon to see gaming graphics cards boasting overclocked, high-speed, GDDR5 memory chips.
This is where the ROG GeForce GTX 1060 comes in. It's a 1060-powered graphics card that plays the games like Overwatch and The Witcher 3 but also offers more to hardcore gamers. On its own, the card can run any game you throw at it with ease. On top of that, Asus is including two high-end memory chips in each ROG GeForce GTX 1060 model. The R9 Fury X and the R9 Fury Nitro offer double
CPU Elapsed time: for facebook/opt-1.3b is  79.88789793802425
speedup for: token = 200, model = facebook/opt-1.3b, speedup = 7.423672243618797
GPUs play an important role in cloud computing because they are responsible for the computation of graphics and multimedia. Cloud computing has come a long way in the past few years, but the GPU has still got a long way to go.

GPUs are used on every high performance computing cluster in the world. They support various high performance processing (HPC) processes such as ray tracing, texture mapping, and texture filtering.

GPUs used in computing applications are usually called as graphic processing units (GPUs) or rendering units. However when people are talking about GPUs, they usually mean the graphics processing units used in a server, but if servers will become a new kind of clouds, then the GPUs used in cloud will mean the graphics processing units used for the management of the clouds.

GPUs are currently the highest performing form of computing due to their large number of processing features that are needed along a single ray. Graphics processing units have not yet reached the point at which they can be used in the real world to perform the real time operations that are required for cloud server deployment. Therefore GPUs in cloud environments will need to use much more compute features than the GPUs normally used at a single node.

For example, in the past few years we have seen an impressive amount of progress in terms of the number of GPU architectures and features that have been added to GPU hardware and software. This progress has enabled these more advanced GPU hardware and software to significantly improve the quality of GPUs on which they are used. The GPU as a whole is significantly
GPU Elapsed time: for facebook/opt-1.3b is  12.378000857075676
GPUs play an important role in the development and performance of a system. Over the past few years, GPUs have been able to solve a huge range of problems that were difficult to solve at the time. The applications of GPUs are growing rapidly, with new and unexpected applications becoming part of every day life for people that do not work in the games industry.

A GPU provides the hardware that sits between the CPU and the application level software. GPUs come in several varieties, each having very different performance characteristics. To help make the transition from CPU to Nvidia GPU, users can download and run the Nvidia GeForce Driver. This will allow the drivers to detect the GPU and allow for the best possible performance and experience. We are excited to make open source software available so that users have the opportunity to experience these capabilities for themselves.

Our drivers have recently been updated to ensure that drivers will work seamlessly on all AMD, Nvidia, and AMD Pro Display models. We have also added additional drivers to our support site that address recent issues including:

An AMD Eyefinity display that no longer works correctly

An increased chance of crashing or overheating

Unstable memory support

Driver issues affecting our Windows and Windows 8 drivers

Many of these issues are caused by the fact that many GPUs will be shipped with a very old driver, which will not be supported after many months. We are working to make it easier to update your drivers and improve your experience. We encourage users to check the NVIDIA developer site for the latest available drivers and for instructions
CPU Elapsed time: for facebook/opt-1.3b is  104.23828368098475
speedup for: token = 300, model = facebook/opt-1.3b, speedup = 8.421253551731553
GPUs play an important role in cloud-based computing. To make systems more efficient, high-precision graphics APIs (HPGA) are now becoming more prominent. In this post, we’ll describe high-precision graphics graphics APIs within OpenCL.

This tutorial is part of the Open Source Hardware (OSH) series. Open Source Hardware explores software and hardware built by volunteers from the Open Source community that enables you to build and run your own hardware systems. Read more →

GPUs play an important role in cloud-based computing. To make systems more efficient, high-precision graphics APIs (HPGA) are now becoming more prominent. In this post, we’ll describe high-precision graphics APIs within OpenCL.

This tutorial is part of the Open Source Hardware (OSH) series. Open Source Hardware explores software and hardware built by volunteers from the Open Source community that enables you to build and run your own hardware systems. Read more →

GPUs play an important role in cloud-based computing. To make systems more efficient, high-precision graphics APIs (HPGA) are now becoming more prominent. In this post, we’ll describe high-precision graphics APIs within OpenCL.

This tutorial is part of the Open Source Hardware (OSH) series. Open Source Hardware explores software and hardware built by volunteers from the Open Source community that enables you to build and run your own hardware systems. Read more →

GPUs play an important role in cloud-based computing. To make systems more efficient, high-precision graphics APIs (HPGA) are now becoming more prominent. In this post, we’ll describe high-precision graphics APIs within OpenCL.

This tutorial is part of the Open Source Hardware (OSH) series. Open Source Hardware explores software and hardware built by volunteers from the Open Source community that enables you to build and run your own hardware systems. Read more →

GPU Elapsed time: for facebook/opt-1.3b is  13.131205445970409
GPUs play an important role in gaming. You can expect high FPS and better visuals and smoother gameplay with the new card.

However, a good card is more than just that. You can use the GPU to do many fun things.

Here are some of the many games that you can take advantage of the latest GPU:

1.)

Game-of-the-Year:

Valve's flagship game, Team Fortress 2, has always boasted a high quality and stable gameplay, and it has never failed to impress with its smooth gameplay. But the game really kicks into another gear when you enable the High Quality graphics options.

Valve has even come out with a high quality "Ultra" graphics option. And if that doesn't do the trick, you can also go all-out and enable "Pro" graphics for an all-out graphics-overload.

So what do you think about a new Graphics Card that can play almost every game and be an FPS superstar?

2.)

Play any type of graphics-intensive applications:

Whether you're an artist looking for a powerful graphics card or a gamer who wants to blow your mind off with his or her performance, a new GPU will help you do all this and more, with the right brand and make.

In order to take advantage with your gaming graphics-capable computer, you'll need a graphics card that has all the right features in the right package.

Take a look at the features of these graphics cards, and then decide which model will be best for your needs.

3.)

Create 4K content, or create movies and videos with more detail:

With most of the games out in recent years have started utilizing the latest technologies such as Physically Based Rendering (PBR) and DirectX 11.

If you can make a game look the way it was meant to look in the first place, the GPU will certainly make things easier. As an example
CPU Elapsed time: for facebook/opt-1.3b is  146.18531274306588
speedup for: token = 400, model = facebook/opt-1.3b, speedup = 11.132665111711123
GPUs play an important role in computer hardware design and are used as the major component in most modern computer platforms. GPUs have long been recognized as a fundamental building block for many high performance computing systems. However their application for other areas continues to evolve. There is a continuing need for new ways to design systems which use GPUs. In particular, it would be desirable now to develop systems and methods for designing computers which use GPUs for application-specific tasks such as performing image processing, video graphics processing, and other high quality image processing.
One of the problems which has led to the development of a great deal of work with GPUs, is the difficulty in designing a computer which includes a GPU capable of doing this type of work. A GPU, or Graphics Processing Unit, generally acts like a digital equivalent of a computer's central processing unit, operating in parallel to other parts of the computer. The reason this type of architecture is effective is that GPUs can exploit the full capabilities of the CPU. GPUs are fast hardware, providing fast operations such as those that characterize modern GPUs such as shaders and operations on large data sets. However, they tend to exhibit a relatively slow instruction-to-data conversion. For example, a single instruction (e.g. a vertex shader) can take around 200 nanoseconds (ns)-per-frame. Each frame is a series of instructions that will control a selected hardware element. As is the case with other types of hardware, the performance of the GPU is often limited by the number of instructions/frame that the GPU can execute in a typical cycle. Because of this, there is a significant need to allow for the generation of large amount of instructions per cycle. However, this typically leads to a complicated hardware design, thus leading to larger and larger structures.
One existing method for increasing the rate of instruction generation is to employ an iterative algorithm (also known as a “shading algorithm”). An iterative algorithm attempts to reduce the number of times that a CPU (i.e., the central processor unit) must access a memory element by reducing the number of instructions required by the instructions per cycle. The reduced number of operations performed by the CPU (i.e. reduction in instruction generation) effectively increases the number of instructions. In theory, this can provide a significant speed improvement. However, as the number of instructions written increases dramatically, the performance of the instruction generator also increases dramatically. On the other hand, reducing the number of operations available to the GPU reduces the ability to address large data
GPU Elapsed time: for facebook/opt-1.3b is  14.416630270075984
GPUs play an important role in gaming laptops, and are the backbone of this high-end laptop market. When it comes to power, this GPU is a little limited in its features. If one of the gaming laptops have a Radeon RX 5500M at the heart, then this model also has this GPU at the core. Gaming laptops have the capabilities to handle games such as PUBG Mobile, Fortnite Mobile, and FIFA, which are the most popular games worldwide. So now it's a very good idea to go for the best gaming laptops that you can find on the market. You can easily find a gaming laptop that is powerful enough to play top-quality games comfortably, for very low price. Also, if you are new to gaming, we can suggest you to stick with GTX 1070 or GTX 1060 6GB, as these are the GPUs with low price and high performance. These are the best budget gaming laptops available on the market, and are suitable if you want a mid-range budget gaming laptop, and a laptop that will last you for many years.

5x2.8-inch Display: The display of laptop is the key factor in selecting the right gaming laptop for you. It depends on what you want to play, the resolution and refresh rate that you want to enjoy it. Most of the users prefer a resolution of 1080p (1920 x 1080 pixels), the refresh rate that supports is 60 Hz, and the screen size should be as big as possible. Some users prefer gaming with smaller screens and a great graphics performance. So, if you are thinking about purchasing a gaming laptop, and the display will be your main concern. Well, today we will talk about the best 5x2.8-inch display gaming laptops available on the market.

Best 5x2.8-inch Display Gaming Laptops in India

At present, if it comes to choosing the best gaming laptop for the budget price, this is where your choice is going to depend on the display of the laptop that you are going to buy. You can see it on all the gaming laptops available on the market. If you are looking for the best 4k gaming laptop, and looking for best value gaming laptop, then you should go for the Sony VAIO VGN-AX860S. With this gaming laptop, you can play your favorite games smoothly at the best quality available these days. It comes with a great processor, the graphics are very good, and the 4K display is very good when it
CPU Elapsed time: for facebook/opt-1.3b is  177.60996771603823
speedup for: token = 500, model = facebook/opt-1.3b, speedup = 12.319797649572525
GPUs play an important role in modern computing. In order to improve efficiency and gaming performance, graphics processing units (GPU) are employed. Each GPU on a computer system includes a large set of processor cores that operate independently of each other to execute various types of computer program instructions. These GPU-cores are commonly employed by a system processor to compute data that may be useful for various forms of computing. For example, such data may be used by the system to compute the output of an application (e.g., graphics processing unit or (GPU) engine) executed by a computer system that has a particular operating system or to compute the operation of a network appliance (e.g., storage engine or network controller).
In order to improve the efficiency of a particular calculation performed by the system, the overall execution and execution frequency of the calculation may be manipulated. For example, a GPU-engine may be provided with different clocks. The GPU-engine may include a hardware clock that is utilized for data operations, and a software clock that is utilized for processing operations. As such, an instruction set architecture (ISA) chip configured to operate with the GPU hardware clock may have the ability to switch over from an ISA clock to a software clock. These clock speeds may be changed by the system and the GPU-cores during a computation or processing flow of data, to improve the performance of the calculation performed by the system.
Accordingly, there exists a need for techniques by which a system or a graphics processing unit may be utilized (a) to manage clock speeds of the system, and/or (b) to control the amount (e.g., duration or the like) of computation performed by the GPU engine. Furthermore, there is a need for techniques by which the system may monitor the level of clock frequency of the hardware clock and/or of the software clock to provide the system with information regarding the type and amount of clock frequency that is currently being utilized by the system. In certain circumstances, the system may have to switch from operating with a clock that is slower than the hardware clock to a clock that is faster than the hardware clock. In these instances, there exists a need for techniques by which a system or a GPU-cores may be utilized to maintain and/or change this switch. Moreover, there is a need for techniques by which a system or an GPU-cores may detect the level and nature of the clock frequency and/or the clock frequency/frequency of the software clock during a computation or processing flow of data and may switch the clocks accordingly. Furthermore, there is a need to provide techniques by which the system may update the information that is provided regarding the frequency of the clock frequency and/or the clock frequency/frequency of the software clock during a computation or processing flow of data by providing a switch to a different clock frequency that is higher than the hardware clock frequency. Furthermore, there is a need for techniques by which the system may change one or both of the clock frequencies to accommodate the switching between different
GPU Elapsed time: for facebook/opt-1.3b is  15.618399374070577
GPUs play an important role in rendering quality and performance, in particular in games. If the gaming hardware can deliver higher frame rates, then overall frame rate will vary.

The amount of memory provided by the graphics processing unit depends on the resolution of the video card. The greater the resolution, the larger the amount of memory available. The higher the graphics card is paired to the CPU, the higher the memory is. So it is always possible to upgrade the graphics card if you need to.

A CPU is a critical part for gaming. It is the chip that performs the logic of calculation when it executes all the commands from the graphics card, while the graphics card sends the information on what to execute to the CPU. So upgrading the CPU will give you better performance. So if you think you can get a high-end GPU for your PC, then upgrade that. If you can't easily upgrade the GPU, it is always possible to choose a GPU that is compatible with the CPU.

CPU-GPU Compatibility Analysis

PC World has conducted an analysis of the relationship between CPU speed and GPU compatibility, to help you decide on the best video card for your PC.

We have divided the compatibility analysis on 2 levels. On the first level, we have included in the data provided by PC World several graphics cards that are both compatible with Intel's HD 3000 and AMD's HD 5000 chipsets. The second level is limited to those cards where all 3 types of chipsets are present. Here we have included AMD's HD 5000 cards that are compatible with both AMD's EZPro 2000 and EZPro 3000 series parts of the FX and Fx6300 series. The graphics cards that are compatible with each of these chipsets are as shown in the table below. But if you do not see a compatibility index in the table below, please have a look at the section below, where we analyze the compatibility of two GPUs with another CPU.

Compatibility Index

The graphics cards are listed with the numbers in the table below. The total number of graphic cards included in the analysis is given below.

If there is a compatibility index, the maximum and minimum number of supported GPU is also provided in the table below.

The table below contains the analysis of the CPU and GPU relationship on the basis of their CPU speeds and the maximum clock speed. Some games on CPU-only or GPU-only configurations cannot function without support from the CPU. Here you can note down the results depending on the CPU speed you choose for buying the PC gaming video card. The table below shows two example games, so that you can have a better estimate about choosing the CPU.

The table below shows the results of the GPU compatibility analysis in terms of their frequency at which they function together. These numbers are for performance results. They show the ability of the GPU to function together with the CPU as a whole, in terms of its capability to create a new frame for the CPU. The number of frames being created
CPU Elapsed time: for facebook/opt-1.3b is  220.76459784701
speedup for: token = 600, model = facebook/opt-1.3b, speedup = 14.13490541249188
GPUs play an important role in computer graphics graphics processing. The graphics processing unit (GPU) of a graphics processing unit (GPU) may perform texture mapping on an image. The texture mapping may be an important processing step in texture mapping a texture image, and performing the texture mapping requires computing the texture data and calculating the texture mapping process. The texture data needs to be prepared in advance. The texture data is used to calculate a texture mapping process, and a texture process is performed with the texture data.
In the existing technology, the texture data is stored as a static image file having an image size, in which the texture data needs to be configured beforehand depending on a texture map and a texture image. If several texture mapping processes are required according to several texture maps, the texture data needs to be configured according to different configuration instructions to perform the texture mapping processes.
Although the texture process is defined to be executed with the texture map by storing the texture data in advance, it is not easy for the texture map to be modified in accordance to a change of a texture image. In addition, because the texture map changes over time, it is difficult to efficiently store and manage the texture map. Furthermore, because the texture data is stored in a static manner, it is very difficult for the texture data to be updated at regular intervals. This leads to a great burden on hardware. The hardware may need to be upgraded because the texture data may not be updated due to the high hardware requirement, and also needs to be repaired due to a defect in the hardware performance, and thus, it will cost a great deal to upgrade. Furthermore, the conventional technologies are configured to be configured by a predetermined program, so it is not easy to use the application of the conventional technologies when a plurality of texture images change.
The information disclosed in this Background of the Invention section is only for enhancement of understanding of the general background of the invention and should not be taken as an acknowledgement or any form of suggestion that this information forms the prior art already known to a person skilled in the art.
Therefore, there is a need to provide an improved method and system for processing an image in which an operating system and a control program are used to control a processing unit for storing texture data that is used to store the texture data for performing texture mapping. In particular, there is a need to provide an improvement of the method and system for effectively storing a static image file for storing texture data. Furthermore, the improvements need to be implemented in order to efficiently read existing static image files and process the texture data corresponding with the existing static image. There is also a need to provide an improvement of the texture mapping process.
The above information is presented as background information only to assist with an understanding of the present disclosure. No determination has been made, and no assertion is made, as to whether any of the above might be applicable as prior art with regard to the present invention.
An image image processing system may execute texture mapping processes with an operating system and a control program. A control program may be stored in a storage medium and executed by the image image processing system. The control program may store a texture mapping data, which is utilized for performing texture mapping processes, and a texture map that is utilized for storing the texture mapping data and forming a texture image. The storage medium may store a cache memory. The texture mapping data and the texture map may be stored in the cache memory at the same time.
In another aspect of the present invention, an image processor may store graphics
GPU Elapsed time: for facebook/opt-1.3b is  17.37775032001082
GPUs play an important role in high-end gaming builds. You’ll need a good one if you want to run modern games in the highest settings with ultra settings, 60 frames per second, and resolutions above 1080p at 60 fps and 1440p at 144 fps+.

There are several kinds of video cards, and a lot of them will play one particular type of game much better than others. However some, like the GeForce GTX 1060, are designed to run games on medium or low settings. Here’s our guide on how to get the best performance from your GTX 1060, the best card for gaming and high-end video editing.

GTX 1060: What is the GTX 1060?

The G-Sync technology was introduced by manufacturers with the GeForce GTX 970. This card is an upgrade of the GeForce GTX 960 that was introduced in May of 2015. The GeForce GTX 1060 was made official by Nvidia on December 21, 2015 and officially announced by Nvidia on May 30, 2016.

The card has a core clock speed of 1210 MHz (1530 MHz with G-Sync enabled). It can max out the VRAM at 12GB while the core clock has a boost rate of 1550 MHz / 1560 MHz and boosts and clocks up to 2.2 GHz.

The card’s base clock speeds are higher but its boost clocks can be lowered more to give more performance at more reasonable temperatures. Both boost clocks can be set to max with or without G-Sync.

The base memory speed is 1424 MHz and the memory speed can be lowered to 1023 MHz, but the base clock speed will always be higher.

It’s designed to work with Nvidia’s G-Sync compatible Eyefinity and the Nvidia Adaptive V-Sync technology. The GTX 1060 is also supported by AMD’s FreeSync technology, which allows gamers to turn on or off the sync between the GPU and the display.

GTX 1060: What is the best GTX 1060?

As you can tell, this is a tough question here on our very special page of how to get the best performance from your GTX 1060, the best card for gaming and high-end video editing.

On the Nvidia side of things, the GeForce GTX 1070 is probably the best choice for most people, as there’s no real problem with performance on high-end gaming builds and the GTX 1070 has already been available for several months.

On the AMD side, the RX 570 is probably the best choice, with even better performance on high end builds compared to the GTX 1060 and it’s only about 60 dollars more expensive too.

The cards on this page work out to be roughly 6 to 7 to 8 percent better than the GTX 1060, but if you take into account the slight advantages of G-Sync and Adaptivesync, there’s still a good chance that you’ll get more performance out of your card, especially for higher resolutions, frames per second, and high-end settings.

GTX 1060: How to Upgrade to the GTX 1060

Like many high-end video cards, you can upgrade to a new GeForce GTX 1060 and there are even cases where it’s recommended to upgrade the entire graphics system in order to play at max settings at 1920 x 1080p in a high frame rate.


CPU Elapsed time: for facebook/opt-1.3b is  249.4570621480234
speedup for: token = 700, model = facebook/opt-1.3b, speedup = 14.354968713111774
GPUs play an important role in a PC game and when playing on multiple displays it is important to ensure the right display is selected to improve performance. There are a number of ways to change the display setting for the game however, the easiest way is to use the game controller. This article will show you how to set up the game controller so that one specific game can be changed to automatically set different displays for multiple users.

If not already set up your video editing, you must have a mouse, keyboard and an operating system running. So, all you need now is a PC with a graphics card, an operating system and a monitor. In this article we will show you how to set up your video editing system to work with the Nvidia Surround.

While there are various operating systems which support Microsoft Virtual Desktop (MVD) applications, the most common is Microsoft Windows Vista. The advantage of using a virtual display is that the applications perform better on multiple displays than on a single display. In this article we will show you how to configure your Windows Vista virtual display on a Windows XP PC.

When it comes to gaming performance and multi-display performance, the Intel Multi-display Technology (MT) is not supported in the latest version of Windows 8. This article will show you how to support the Intel Display Driver Edition 7.1 Multi-Display Technology (Intel Display MT) in Windows 8. You may have your own experience with Intel Display MT in Windows 7, Windows 8 or Windows 8.1, and can comment on your experience using your own display devices.

Display devices are often described as one of the least important system components but for gaming they are vital. This article has the tips and tricks to use a single-monitor gaming system, and how to use an external display with your system.

We have already talked about Multi-view support for games but we can now talk about Single-view. Here we shall tell you how to turn on or off Single-view and Multi-view using some simple steps.

A graphics card, also known as a GPU, is a component used by a motherboard to output signals to a compatible video card. The display devices attached to a specific GPU share the same display settings, such as resolution, refresh rate, scaling, and more, but all of them share the same display controller and they all share the same graphics driver.

Graphics Cards

Graphics Cards

Here are the graphics cards available today, in terms of clock speeds and GPU manufacturer.

The Nvidia and AMD Radeon Graphics Cards are the two most common types of GPUs. Both cards have their own market and they are quite different in their features. Let’s go through the differences and features of each Nvidia & AMD graphic card.

With gaming PCs becoming more and more powerful every year, the graphics cards get more and more powerful. We often end up being left with a graphics card that just cannot keep up with its new counterparts. Here are some tips for dealing with a graphics cards performance issues.

With more powerful and bigger displays on every PC and tablet the idea of having a dedicated multi-display system is becoming more and more appealing. Here are some tips to support Multi-display systems.

With many PC games now being developed for a wider range of display displays, the idea of having multiple displays attached to your PC is now becoming more and more appealing to users. To support multi displays we need to make sure all the displays work with every other other displays. This article has the tips and tricks to making sure all of your displays meet each other’s specifications.

When it comes to graphics cards, the most basic way to know if they will work in a multi-display system is to try them out. However, for more advanced cases, you need to know about the types of multi-view modes available today.

Display Devices

Computer monitors use RGB lights like on their LCD back light, but displays
GPU Elapsed time: for facebook/opt-1.3b is  17.849563472089358
GPUs play an important role in the 3D rendering of computer graphics.
They are also used in applications in which high performance is required with reduced thermal performance. These applications include, but are by no means limited to gaming, industrial and medical applications such as simulation and analysis of the performance of electrical circuits or medical applications such as biopsies to analyze the functioning of the human body.
For example, the rendering of a 3D image involves rendering triangles in a computer based graphics chip (CGI). Each triangle consists of three separate parts: the object to be rendered, the texture texture and the color texture. Because of the increased resolution of images and because of the increased pixel density, many more triangles are rendered in a CGI than are the actual triangles in the 3D scene. Therefore, the geometry of a CGI is typically large. Consequently, rendering a CGI in an application such as games, medical, industrial or medical applications is typically quite time consuming and uses a large amount of electricity.
Graphics processors may be implemented as application processors or as video processing cards. In either case, the graphics processor takes part in the entire rendering process and all the rendering processes of all the application processors are interlinked and a video processing card is not required. In particular, the rendering process of CGI is typically implemented as rendering all the triangles in a CGI and then combining the individual triangles into a new CGI.
In addition, current video processing cards include features that enable them to run multiple application processor software applications concurrently as well as run a rendering engine. These features include, but are not limited to, the ability to run multiple virtual displays, multiple threads and parallel rendering or multiple graphics processing cards. In order for a single application processor to run multiple application processors simultaneously, the application processor must be implemented as a framebuffer and the graphics processor must provide a large number of graphics pixel buffers.
In order to perform rendering, a data stream containing data about the texture and color of the image must be processed. Because of the increased image resolution and the resulting higher computational expense, graphics processors have the tendency to include cache lines that provide a short cache time before they can be moved on to the graphics rendering section. If the data in the cache lines takes more time than the time required to transfer the data out of the cache lines over the bus, the graphics processor will terminate the rendering process or will transfer the cache content to RAM. The problem with the use of such a technique is that the time in the cache line has to be calculated or calculated by taking into account the elapsed time since the execution of a previous graphics processor task and the time taken to determine the length of time required to transfer each access from one cache line to the next.
In order to take advantage of the cache memory benefits, the graphics processor may incorporate a programmable register that provides the time in the cache line. Unfortunately, in order to provide the time in the cache line, the graphics processor must implement a cache control unit that determines whether the graphics processor processor has been waiting in the past for a cache line. If the operation of the graphics processor required longer than an idle time T0, the cache register would be used and an interrupt condition would be raised. Since not all graphics processors can support the cache control unit, the graphics processor may be prevented from using the time in the cache line if a cache line is not available.
In order to reduce the power consumption of the CPU on a graphics card, the graphics processor may use a prefetching. In this case, the prefetch unit is placed between the graphics processor and the cache unit. Due to the increased power consumption, the prefetching technique is only typically implemented for special cases or if it is necessary to perform prefetching in a very short time period. Since the cache time is calculated from the time when a cache line is available and from the time when the graphics processor needs to check whether the next cache line is available, the time required to calculate the memory cycle for the time period that is required to
CPU Elapsed time: for facebook/opt-1.3b is  262.8447059689788
speedup for: token = 800, model = facebook/opt-1.3b, speedup = 14.725553730206258
