GPUs play an important role in many different video and image applications. The GPU itself plays a critical role in rendering and processing video and computer graphics content because both are critical for video gaming. With the most advanced graphic processing equipment being available today, not only will you have the best processor available, but the best graphics card is the best and most powerful graphics card available. This is especially true if you are going for a high-end or ultra-performance graphics card. With powerful graphics cards you will need to allocate more resources to gaming in order to handle higher
GPU Elapsed time: for facebook/opt-350m is  4.389084430993535
GPUs play an important role in PC gaming. Especially if you want to play GTA V on ultra settings at 1080p or ultra.
So do the screens? I might just have to go with the gtx 1080m. I've always had nice video cards.
Your monitor's performance will be comparable to the other system's monitors (including the G1 or G-sync versions of all the GTX 1080's). The 1080 is designed to be very demanding but isn't bottlenecked with your budget. Don't get it if you can't afford a
CPU Elapsed time: for facebook/opt-350m is  12.494401536067016
speedup for: token = 100, model = facebook/opt-350m, speedup = 2.846698834918225
GPUs play an important role in gaming and computing. A lot of work is still to be done, to make them fully usable.
However, if all the GPUs are turned on, a performance penalty will occur.
The reason is that GPUs have their own set of hardware parameters which are set for the graphics.
To test the power of a GPU, the monitor will be turned off and your computer's integrated graphics will be turned on.
At the time the GPU is turned on there is no chance that the integrated graphics will experience any errors.
However, the monitor itself will be turned off.
And when a GPU is turned on, the system will use a limited amount of power.
This means that when the system boots, it will have no power.
This means that during the power cycling the system will use far less power.
The CPU and other related system components will also use much less power.
By turning off the GPU, it will be in a similar situation, but when it is turned back on, the
GPU Elapsed time: for facebook/opt-350m is  4.718220193986781
GPUs play an important role in our day-to-day lives and we would like to make sure that the card you have chosen in the future is as good, if not better, than the other.

Why is a PC case important?

A PC case will give all the power it needs not to mention the extra protection against loss of power due to a fault.

What are the benefits of a PC case?

The best part of a PC case is the lack of a wall plug. The PC case has the power socket located on the right side of the case as the case backs up on its own, so the power cord doesn’t have to be put somewhere on the wall and is therefore much easier to access.

The best part of a PC case is the low heat production. Although you may have experienced it before, PC cases produce a lot of heat when you start the first set up. We often do not consider this to be a problem at this time, but it has been shown by
CPU Elapsed time: for facebook/opt-350m is  19.507867312058806
speedup for: token = 200, model = facebook/opt-350m, speedup = 4.134581793558714
GPUs play an important role in computing and are often used to increase speed and performance of your machine. The higher the memory and processing cores, the better memory accesses you'll get from your computer.

At the center of the design process is the graphics processor. While the CPU and GPU are primarily used to perform graphics calculations, they also serve as the processors of choice for more traditional tasks like gaming and software development.

Using GPU compute to power gaming, software development, and even production projects is a popular feature for many of the world's major companies, particularly in the computer domain. The use of GPU compute coupled with modern and powerful graphics hardware often results in games that span a long enough time period to reach a state of optimization or optimize before they can reach a performance threshold.

For a more in-depth discussion of GPU compute and its impact on the overall software development process, read our article "How GPUs Can Improve your Software Development Process".

What is a GPU and what can it do to help your software development efforts?

A GPU is a processor that is able to handle the massive amount of GPU resource required to display, control, render, and execute any of a wide variety of graphics (including video) graphics code.

While it is typically used to control image performance of a 3D visual graphics application, it can also be used to render software code, as an additional processor in every processor to handle memory demands, memory bandwidth requirements, and much more.

As these processors become the norm
GPU Elapsed time: for facebook/opt-350m is  5.38810934999492
GPUs play an important role in making gaming a pleasant experience that gets better with increased performance.
Thanks!  I was thinking of upgrading to a Ryzen processor and getting a GPU instead.. I'll probably do it if it's free :)
You might want to look into upgrading to a good AMD CPU first as I've read some rumors that a lot of AMD CPU's don't work out as well as they're supposedly supposed to.
It would be nice to get a Ryzen CPU for a bit of extra money but it's not my cup of tea. I know some people will find a way to get a Ryzen for less/less, like myself. That's the reason why the price difference from something like a Ryzen 5 1200XT or 1070K when running at 4.8ghz to a Phenom 6.1 is a bit confusing at times as I didn't want to upgrade to an Intel CPU for $300 to save on a cpu that would take a few years to get there.
Yeah it is definitely confusing but I feel it makes a lot of sense since your main goal with that build is gaming so the CPU's will provide a little more power and more GPU power. What specs/build are you expecting to be in it?
Thanks!  Im assuming that would be a mid tower or i5-4500K right now...  Maybe some Ryzen 5 1200 and some Ryzen 6 900+ next year  For the GPU and battery, I think that would be a good call.  And for the battery,
CPU Elapsed time: for facebook/opt-350m is  30.156096949009225
speedup for: token = 300, model = facebook/opt-350m, speedup = 5.59678636608176
GPUs play an important role in our modern day lives and this should be part of the discussions we should be making.
GPU's are definitely not critical to future gaming.
If AMD comes out with a new GPU, people can expect to see AMD games go down.  Not many people want to look at one specific card, but rather on every GPU out there.
If Nvidia comes out with a new GPU then that's even less of a reason to upgrade to one. More like a reason to replace your current graphics card.
Nvidia's main card is a graphics card. The GPU is basically a CPU. It plays a role in life.
What I meant was I know from experience it's not a reason for upgrading. For instance, there's no such thing as a gaming laptop that just has a single monitor - you need to also have a computer that has a single, discrete GPU.
That's not just the case though, the reason I see for buying a new GPU every once in a while is simply because every one of the new GPUs that are released from different companies tend to be different at least in principle, so getting your hands on exactly what you want will be difficult.
Then go buy one in good quality. AMD is obviously making some new cards so you're stuck with them. If you feel like it's a good use of time and money then it's a good use of money.
>if you feel like it's a good use of time and money then it's a good use of money.  A lot of money and time would go much into upgrading your current system if AMD started to sell new GPUs.
And I'm trying to say you'll probably end up with more than you intended.
> I'm trying to say you'll probably end up with more than you intended.  No chance of that, I have a bunch of games that I would prefer not to run.
> No chance of that, I have a bunch of games that I would prefer not to run
GPU Elapsed time: for facebook/opt-350m is  6.304700477980077
GPUs play an important role in all games, especially PC games.  As for the other people, don't worry about it, they won't be affected. But if you get a chance to play games on a GPU, try the Asus Eee 1080 with a GTX 960 GPU, as it can handle all games fine. But there is a chance that you can't play some games for yourself because of the limitations of certain drivers.
Thanks for the advice, unfortunately I'm running on a G5 in order to get a good gaming experience with my PC, but I'm considering a 1080 because of the GPU in it. The G5 GPU is pretty good for PC games, maybe even more so than the XFX 1080 with an RTX 2080. Should I consider the GTX 960 then, as that should have the same GPU rating?
If you are going to play a lot of games with an GTX 960, get a Nvidia card. The GPU in the GTX 960 is very good. It is just in comparison to the GTX 560 Ti, which is the same size. With an Nvidia card, you will be able to play more games at peak performance. I would recommend a 1080p monitor if possible, as the monitor is quite sensitive. If you go for a 980Ti, the 970 will not be suitable for your needs.   I would recommend waiting for a sale for it.
Alright, thank you. I'll think about a card soon so that I can get it with the money and not have to buy another GPU. Any advice or recommendations with the 980Ti? I'm currently thinking about picking up a GTX 980 for $200-$300, but I'm not sure how great quality/performance it will be and what else I should take into account with it.
Most card makers are trying to maximize performance in order to be good quality.   This is probably the best you can get for it.  You will probably be able to score the 980Ti for less with the 1070 or 970, so just start
CPU Elapsed time: for facebook/opt-350m is  45.31234395306092
speedup for: token = 400, model = facebook/opt-350m, speedup = 7.187073218041002
GPUs play an important role in gaming and the graphics cards provide the best graphics performance. The more expensive graphics cards can't provide the same gaming performance as the price premium which you pay for a good graphics card.

The only difference between the premium graphics cards and the price premium graphics cards is the size and the price they charge. Some people think this is a disadvantage for the less expensive cards and for those that spend a lot of money their graphics cards always have problems.

What To Do If You Have A Real Problem?

If you're having a hard time, remember that some people may have problems with their graphics card. Do your research on what the problem is, get it fixed, and you'll find the answer.

If you're experiencing performance issues, contact Support.

If you have problems with any of the features on our website, contact Support at support@titan-gallery.com

If you do not see the feature that you were looking for or you see a feature you are not interested in, ask support, we'll solve it for you.

We'll also try your game on another computer until our computer delivers the proper response you wanted and send you the game you want.

Please understand that we are under no obligation to provide you anything that is not required to ensure that your game will run on our computer. We will only provide the features you need with the tools you need.

If you experience problems while using our site, please feel free to contact support at support@titan-gallery.com. We will do our best to get you the appropriate tools you need.

Do You Like Titan-Graphics?

If you are a Titan-Graphics fan, now is a great time to explore the Titan-Graphics system. We're bringing the power of the graphics card to Titan-Graphics' flagship computer, a 3rd-generation Nvidia GeForce GTX 660.

On the surface, the Titan-Graphics Graphics card looks a bit like any other graphics card: The graphics module is like any other graphics card. With the first model, the fans turned on, the fans on. The fans are the main reason why we have built the Titan graphics card. The fans on the Titan graphics card have a different fan profile and are designed to reduce heat production.

However, the fans have two different types of coils; the fans in the first model have low pressure and high pressure blades, and the fans in the second model have high
GPU Elapsed time: for facebook/opt-350m is  6.872006600024179
GPUs play an important role in your computer's operation and that's exactly what they offer! They're designed to maximize performance through a process called GPU-A. By leveraging the GPU's superior GPU performance, you're able to provide you with the maximum amount of power at the best possible price point for the best performance possible. They're also a great way to build a power hungry computer.

Why is an NVIDIA GPU essential?

The GPU has a vital role in a computer's current state. In your system's BIOS, there are a lot of factors that can affect your computer's performance. An NVIDIA graphics card offers you an opportunity to use that power more effectively to your advantage. To improve your efficiency, if you choose NVIDIA GPU, take advantage of your GPU's superior performance.

NVIDIA GPU can help you achieve more for your money. What's more, it can help you run multiple applications at the same time simply by leveraging its superior performance and power efficiency. By using your GPU, you will be able to utilize a high bandwidth system of the most demanding modern applications.

A NVIDIA GPU can optimize your PC

Some of the key tasks that an NVIDIA GPU can perform for your PC include the processing of CPU cores to deliver the optimal performance. For example, you can enhance GPU-free application performance and power efficiency by optimizing the GPU. By using its power efficiency, your computer will optimize its performance.

It's important for you to keep track of your GPU usage to ensure that your current processes can remain optimized for maximum performance. By using GPU to optimize the CPU workload, you will be able to produce the maximum results. By doing so, your PC's performance will receive an improvement and you will experience more stability.

The most basic functions of your card are optimized with GPU-assisted processing. GPU-assisted processing can help your system increase CPU performance. In this way, your computer will perform best, resulting in faster load times and smoother processes.

A lot of applications perform GPU-assisted processing successfully, with low impact for system performance. In theory, this could lead to a more seamless and efficient performance of your computer. In some applications, GPU-assisted processing is used to optimize the CPU workload to achieve maximum performance.

How you can use an NVIDIA GPU in your PC

When you consider the performance aspect of your computer, you should consider the performance aspect of your GPU. A GPU can help your PC achieve the most efficient usage, reducing errors and improving system efficiency
CPU Elapsed time: for facebook/opt-350m is  54.106346596963704
speedup for: token = 500, model = facebook/opt-350m, speedup = 7.873442175793797
GPUs play an important role in computer science. If the GPU is your only choice, you should also consider using the iGPU in your system.

You need a good motherboard if you want to run a fully-automatic game engine at 5x the framerate. Unfortunately, you get most of what you pay for by renting a second monitor, and it is difficult to get a reasonable frame rate for everything. You can always use your second monitor to pick up games at your local game store, but you will run into some technical issues if you are playing them on a laptop or a PS3.

The most powerful graphics card on the market has about a 20-30% increase in GPU performance when compared to the competition. This is important because you want a GPU that will outperform the budget cards when gaming on the desktop. If you want to increase your gaming performance to some degree, you should consider a quad-core GPU. Some quad-core GPUs are better than others, but the performance difference is substantial enough in both applications.

If you invest more in a graphics card that will outperform the cheaper but more powerful cards, you should take the high end GPU into consideration as well.

When you buy low-cost graphics cards

The best deal you can get from NVIDIA is the GeForce GTX 1080 Ti. It is extremely powerful with an average frame rate of around 20 fps. However, in terms of price, it is not cheap. This was true for the GTX 1080 Ti which went up to a grand for the GTX 1080 Ti 4GB. The GTX 1080 Ti still supports NVIDIA’s G-Sync technology, which makes it the clear choice for gamers who prefer a smooth gaming experience.

This card comes with 3GB of G-Sync support too, but it’s only supported on the GTX1080 Ti 4GB. Therefore, it’s really up to you what you will use the GPU for. If you want a full-size GPU in an overall small package, then the Polaris GPU (RDNA GPU) is a good choice. This is the best GPU available, but since it is not the best card for high-budget GPU users, it requires more consideration.

If you are more used to the Polaris GPU (RDNA GPU), then you may want to consider the NVIDIA GeForce GTX 1080 Ti. This card is available in two sizes, both with GTX 1080 GPU support. Currently, it costs 2,199 GB. The GTX 1080 is usually the cheaper option on eBay, but this card is not available in stores until spring this year.

If you want the fastest-selling GPU of all, then the GeForce GTX 1080 Ti will deliver to you. It comes in at 2,999 RAM, with an average frame rate of around 22 fps. However, this card requires overclocking to keep its stability. However, if you don’t mind the high end price tag and you want a reliable and reliable performance, then the GTX 1080
GPU Elapsed time: for facebook/opt-350m is  8.211809603963047
GPUs play an important role in the performance of video and audio processing: AMD's Radeon RX 4100 uses a new CPU architecture, as it's known, which is a lot cheaper (though still a hefty price), and uses more hardware. The idea here is to achieve greater bandwidth to the GPU when playing graphics content, with an undervolt in place to prevent over-voltages leading to undervoltages.
What makes this AMD Radeon RX 4100 GPU different from the usual high performance GPU-based cards? Well, the GPU-Z architecture is very efficient, and its efficiency is also extremely broad. Its cores have been designed to support a ton fewer of the cores in AMD's own core design. Unlike on current-gen GPUs, though, AMD doesn't give you access to the AMD Acceleration Engine. The CUDA Cores are built with GPU memory in mind, and all cores are capable of applying more resources to the GPU to ensure maximum performance.
The RX 4100's performance is certainly not the only thing on display when playing multiplayer videos on the Nvidia GPU. For one, the GPU is not limited to playing back some or all of the videos, but the new RX 4100 has been able to play back the vast majority of the videos. In addition, as mentioned below, these videos are automatically stored in a "wipe clean" image.
For games, the RX 4100 is running at a framerate that averages 150 fps, though that is by no means a perfect benchmark. This was actually a significant disadvantage for some games in the past, and could make the RX 4100 a little bit weaker overall. However, the RX 4100's ability to get as much bandwidth as possible, and even the performance gains from it, is nothing that will really matter much over the next couple weeks.
AMD has been building up their own Ryzen series CPUs, including the RX 4100, recently, which are not as high end as the Ryzen 7000 series, but it appears to be a healthy move by AMD to bring more performance into its own products.
AMD's latest CPUs
AMD has continued to build out the RDNA2-based GPU into Ryzen CPUs, with the latest RX 4100 being the company's first GPU based on that platform. The Ryzen 6 model is going to feature a slightly different CPU architecture than the Ryzen 7 series, but the company has always been known for building high-end CPUs and GPUs according to their needs.
This Ryzen 5 model was announced earlier this month, and is the first RDNA2-based PC. And though AMD is now targeting Ryzen 4100 CPUs, the CPU will likely have some features left over from the Ryzen 7 5 series. According to the company, it's taking advantage of its new GPU's native clock speed, as well as a dedicated 32MB of memory. The Ryzen 7 5 processor is on the top of the top end of AMD's AMD Ryzen 5 range, with a core count of 3.9GHz and a ram count of 500
CPU Elapsed time: for facebook/opt-350m is  52.613775532110594
speedup for: token = 600, model = facebook/opt-350m, speedup = 6.407086631272967
GPUs play an important role in how computer games can be played. I would love if it were true, though.
I don't know how well they actually work, but people have built gaming desks that just snap in on themselves.
They do.  What they do not do is get a bunch of hardware to work to play a game,  and then it will lag because the game is taking too long to load.
I get you. That being said, I would definitely love if Nvidia didn't need all the hardware they have and I could just purchase a Geforce card at the next available sales for like 10% off. And I am not trying to be a whiny,  snide ass that does this type of argument.
I would be fine with Nvidia spending more money and giving their devs more time on the cards, but I would prefer they spend their money on what they have been wasting,  not on what's not happening.  I still think they're making some good software though and I would even settle for better graphics in the future,  if they went back to 1080p.
I think if they had more time they could put more effort into their PC gaming and the geforce model would become much less relevant to gamers and become a very niche model. That being said it doesn't seem worth it for them to devote so much time to the GPU.  If they can do this they should be open for some more sales, but right now they are focusing on the gaming desktops more than they are the GPU,
It's just frustrating to me. Nvidia doesn't know how to use it, how to make it better. If it happens, it happens regardless, but it could very well be it's performance could suffer. It also doesn't help that the most popular monitors seem to be the most expensive. It seems Nvidia are always putting their cards out of price pressure,  this is all not their fault
I'm sure they're a lot better with their computers than they are with their hardware,  but you're also right with how limited they can put out specs and how much performance they can offer. It's just so frustrating to me, I'd also love if someone could make a gaming desk top that I could buy for a few hundred dollars.
I think at this point they've realised they are basically buying a used computer to hold onto for a long time and the only option is to go all in and fix it up and use it as a game platform. They'll have to make some sacrifices and it won't be the best.
The "just trying to make a gaming desk top" thing is a stretch, there's not that much for the gaming PC to hold onto for more than a very short time, when the game becomes more expensive, its not a long time to be sitting in your room just doing nothing anyway.  Unless they are able to put money in the bank for a brand new computer with good software that can play at 1080p,  then that just isn't the case anymore.
What games are going to be cheaper than 1080p in the long term and are you going to make at least a 500 dollar gaming desk top? You are going to struggle to find a good gaming desk top, a lot of the desktop computers that used to be available today do not have 1080p
I actually don't have a problem finding a good gaming desk top, but it's a lot of work and I'd be lying if
GPU Elapsed time: for facebook/opt-350m is  8.953297055908479
GPUs play an important role in most of these systems. A low-power CPU and powerful GPU can easily outperform a low-power CPU and powerful GPU, especially in a GPU-heavy games.

In order to maintain a high speed, a system needs to have sufficient performance to operate smoothly. Therefore, when a CPU and/or Nvidia graphics card are running, it is beneficial to have only a very high-end system that can withstand a wide variety of CPU and GPU workloads and thus can quickly switch from one platform to the next.

The most noticeable benefit of having at least a moderate-to-high-budget CPU core is that its speed can be easily improved over the time it will consume. However, a high-end system may be at a slower speed if its CPU cores are low-quality or if the amount of CPU core energy it produces is large. This increases the amount of heat that is generated in a machine. In addition, while CPU cores are more efficient than GPU cores, the performance gains made by cores are largely limited by the amount of heat generated.

However, when the CPU core is at its best, other components in the system can achieve similar performance. For example, while GPU memory requires less cooling air to maintain a high temperature, CPU memory must be cooled with as little cooling air as possible to ensure a faster overall system response time.

The more powerful and highly integrated an integrated GPU will produce, the more it can increase the cooling temperature of the components in the system to ensure they can continue to produce high performance.

Because of this, in order to reduce the overall overall amount of heat generated, it is common to use a relatively low-cost GPU core that is lower in core count than the CPU core. If you think that a low-powered system is not the right choice, please consider upgrading from an expensive high-power CPU core to a low-powered GPU core.

The most effective way to protect your hardware is to upgrade RAM. RAM has a fairly lengthy lifespan, and it has become a common topic when discussing system performance improvements during upgrades. At any rate, it can prove to be extremely useful in a number of different areas, and RAM is not one of them.

However, to reduce the overall time that you might spend upgrading RAM, it is useful to first consider replacing all of that RAM.

Before you take any significant upgrades or upgrades, you need to consider what is needed to keep it working properly. This includes determining what modules will use the most space, how much RAM should be replaced, and what kinds of requirements you are willing to put into the upgrade program. This way, you can reduce the likelihood that you are stuck with your current hardware, thereby reducing the number of failures that the system will have in the future.

In order to ensure you are able to replace all those modules that need to be replaced, it is important to take these steps. In addition, it is helpful to consider a short-term process.

You can now begin moving forward with an extensive upgrade program. By taking advantage of this system, you can make sure that you avoid a lot of issues in the future.

Most people aren’t comfortable with the idea of completely disenchanted PCs. That may seem like an exaggeration, but let’s face it: PCs have always been at the bottom of the pile. It doesn’t mean any of us are going to stop
CPU Elapsed time: for facebook/opt-350m is  75.24599949398544
speedup for: token = 700, model = facebook/opt-350m, speedup = 8.404278225564843
GPUs play an important role in gaming.  What motherboard/CPU do you have?
I’m on s.S.D.I. V2.1.  I’m not sure though.  I know the GPU is a CPU.  Does that work?
If I'm not mistaken, the CPU is just an extension of the GPU right?
I guess not.  Does my motherboard support a CPU?  Would I have trouble using a GPU?
Yeah the motherboard works for it, you'll need to put in a new motherboard though so don't risk it. Just plug into where it connects to the computer and it'll work (should be a single PCI-e slot). You should be able to boot into the console and check for free games, should be easy.
okay so the reason I couldn’t play was because the graphics card couldn’t support a CPU and couldn’t play an game at 60fps?  I assumed its just because I’m on a computer with a shitty CPU.  Can’t find a good video link because it doesn’t appear, but if I could try I could find a video from that website.  How long was my install?
It's not easy to find a game that supports a CPU, the only decent one I could find was the game "Dragon Ball Z" but it had a lot of bugs and its only playable on the x360. Not sure if it works on pc but I can't check cause I don't know how it works on console
Thanks, I checked my games and it just says the game can’t play x360.
Well that's a problem that comes with the graphics card, you'll have to open up your games and take a look if you can manage to get the game working
So can I get it working with the graphics card if I open it to a different pc? Just to confirm?
Yep, just hit the x or something after launching the game, it'll open to your PC when it sees the game there
Oh okay, so it should work fine then. And thanks I appreciate the help I just installed it again.
No problem man, enjoy the game!
Got it. Still trying to figure out why it couldn’t work on my computer, I guess I need to play it faster or something. I’ll just download something for the PS4 and wait for it to download until I play it in a few hours.
Just a heads up, when you load the game in the game it should just load, it's not going to give you an option like every other game.  I'll admit I don't have a ps4 to put it in when I download new games and can't just open it on my pc, it doesn't load
It did this. I had to press F5 and restart the game. Then launch the game. Same thing. It then started the PS4 and said, “You have failed to load the game. Please reload the game.”
hmm, mine worked fine for me, just the first time but I tried other times when I refreshed the site. I think the PS4 is giving itself issues somehow.  I'll try reloading it a few times to see if any results.
I've tried reloading it and no results. I'll keep digging.  Thanks for responding! If it doesn’t work I’ll just wait till it’s done and use the link you posted.
Same for me. I restarted the game and tried different ways. Same result. Same results for me.    This post has been removed.  Your post may help someone else, but only if the game works/works in the first place.
Oh, sorry! I updated my post with a video link for PS4, hopefully it doesn't fail :(
GPU Elapsed time: for facebook/opt-350m is  9.874040674068965
GPUs play an important role in modern gaming, and they have a tremendous influence on the performance of the GPU chip. For example, if the card has a low-performer graphics, there is a chance that it will lose performance when playing at the highest settings. But, having a good graphic card helps in finding a gaming mouse that is suitable for your playstyle.

How to Choose a Gaming Mouse

GPS, gaming mouse, or no, you can’t afford a bad mouse. So, let’s look into the advantages and disadvantages of each mouse.

The advantages of the right mouse

The best gaming mouse is one that has the right weight, dimensions, and support. If you are looking for an optimum gaming mouse that you can use while you play games, you should look for a mouse that is designed to suit your needs. To be honest, most players tend to prefer mice that are designed for heavy gaming or a heavy user.

The right mouse requires that the shape of the keys is right. If you want to use a keyboard that is too large, the mouse will not be comfortable to use. If you like to play games that require less power, a mouse that is designed to minimize vibrations will be more comfortable. If you want to play games that require a small fan, a gaming mouse with a soft surface makes it easier to use.

The most attractive part of any gaming mouse is the size. To be honest, if it costs more than the product itself, you’d probably buy it. But if your laptop only has a small surface room, your gaming mouse will be a headache. And if you’re looking for a mouse with good shape, size, and support, then choose a gaming mouse based on its fit, shape, and ergonomics.

How to Opt for a Cheap Gaming Mouse

You can find a gaming mouse that will work for your playstyle. In general, it is recommended that you go for a gaming mouse that has large mechanical keys that can provide you great comfort with heavy use. Then, you can choose an ergonomic mouse, such as the Razer H440, that has all the functions, while still being suitable for heavy use.

GPS, gaming mouse, or no, you can’t afford a bad mouse. So, let’s look into the advantages and disadvantages of each mouse.

The advantages of the right mouse

The best gaming mouse is one that has the right weight, dimensions, and support. If you are looking for an optimum gaming mouse that you can use while you play games, you should look for a mouse that is designed to suit your needs.

To be honest, most players tend to prefer mice that are designed for heavy gaming or a heavy user. We have to agree with the conclusion of the other users. Most gamers prefer a gaming mouse that is designed for heavy use. If you like to play games that require less power, a gaming mouse with a soft surface makes it easier to use.

The most attractive part of any gaming mouse is the size. To be honest, if it costs more than the product itself, you’d probably buy it. But if your laptop only has a small surface room, your gaming mouse will be a headache. And if you’re looking for a mouse with good shape, size, and support, then choose a gaming mouse based on its fit, shape, and ergonomics.

Which Is Best for Gaming?

The choice makes no sense between some of the best gaming mouse options. One of the major attributes of gaming mice is weight. This is especially true when playing online games.

With most of the manufacturers today featuring products that are heavier than the game they’re designed for use, you can only get something that is comfortable to use at a high range. But, this may not always be the case. So
CPU Elapsed time: for facebook/opt-350m is  88.92322728398722
speedup for: token = 800, model = facebook/opt-350m, speedup = 9.005758657397053
